0 info it worked if it ends with ok
1 verbose cli [ 'C:\\Program Files\\nodejs\\node.exe',
1 verbose cli   'C:\\Program Files\\nodejs\\node_modules\\npm\\bin\\npm-cli.js',
1 verbose cli   'install',
1 verbose cli   '--save-dev',
1 verbose cli   'chai' ]
2 info using npm@3.10.10
3 info using node@v7.3.0
4 silly loadCurrentTree Starting
5 silly install loadCurrentTree
6 silly install readLocalPackageData
7 silly fetchPackageMetaData chai
8 silly fetchNamedPackageData chai
9 silly mapToRegistry name chai
10 silly mapToRegistry using default registry
11 silly mapToRegistry registry https://registry.npmjs.org/
12 silly mapToRegistry data Result {
12 silly mapToRegistry   raw: 'chai',
12 silly mapToRegistry   scope: null,
12 silly mapToRegistry   escapedName: 'chai',
12 silly mapToRegistry   name: 'chai',
12 silly mapToRegistry   rawSpec: '',
12 silly mapToRegistry   spec: 'latest',
12 silly mapToRegistry   type: 'tag' }
13 silly mapToRegistry uri https://registry.npmjs.org/chai
14 verbose request uri https://registry.npmjs.org/chai
15 verbose request no auth needed
16 info attempt registry request try #1 at 6:14:54 AM
17 verbose request id e337d3b70469c862
18 http request GET https://registry.npmjs.org/chai
19 http 200 https://registry.npmjs.org/chai
20 verbose headers { server: 'nginx/1.10.1',
20 verbose headers   'content-type': 'application/json',
20 verbose headers   'last-modified': 'Mon, 13 Mar 2017 19:46:21 GMT',
20 verbose headers   etag: 'W/"58c6f70d-16607"',
20 verbose headers   'content-encoding': 'gzip',
20 verbose headers   'cache-control': 'max-age=300',
20 verbose headers   'content-length': '10421',
20 verbose headers   'accept-ranges': 'bytes',
20 verbose headers   date: 'Fri, 17 Mar 2017 00:45:03 GMT',
20 verbose headers   via: '1.1 varnish',
20 verbose headers   age: '0',
20 verbose headers   connection: 'keep-alive',
20 verbose headers   'x-served-by': 'cache-lcy1127-LCY',
20 verbose headers   'x-cache': 'HIT',
20 verbose headers   'x-cache-hits': '1',
20 verbose headers   'x-timer': 'S1489711503.794899,VS0,VE99',
20 verbose headers   vary: 'Accept-Encoding' }
21 silly get cb [ 200,
21 silly get   { server: 'nginx/1.10.1',
21 silly get     'content-type': 'application/json',
21 silly get     'last-modified': 'Mon, 13 Mar 2017 19:46:21 GMT',
21 silly get     etag: 'W/"58c6f70d-16607"',
21 silly get     'content-encoding': 'gzip',
21 silly get     'cache-control': 'max-age=300',
21 silly get     'content-length': '10421',
21 silly get     'accept-ranges': 'bytes',
21 silly get     date: 'Fri, 17 Mar 2017 00:45:03 GMT',
21 silly get     via: '1.1 varnish',
21 silly get     age: '0',
21 silly get     connection: 'keep-alive',
21 silly get     'x-served-by': 'cache-lcy1127-LCY',
21 silly get     'x-cache': 'HIT',
21 silly get     'x-cache-hits': '1',
21 silly get     'x-timer': 'S1489711503.794899,VS0,VE99',
21 silly get     vary: 'Accept-Encoding' } ]
22 verbose get saving chai to C:\Users\crook\AppData\Roaming\npm-cache\registry.npmjs.org\chai\.cache.json
23 verbose correctMkdir C:\Users\crook\AppData\Roaming\npm-cache correctMkdir not in flight; initializing
24 silly install normalizeTree
25 silly loadCurrentTree Finishing
26 silly loadIdealTree Starting
27 silly install loadIdealTree
28 silly cloneCurrentTree Starting
29 silly install cloneCurrentTreeToIdealTree
30 silly cloneCurrentTree Finishing
31 silly loadShrinkwrap Starting
32 silly install loadShrinkwrap
33 silly loadShrinkwrap Finishing
34 silly loadAllDepsIntoIdealTree Starting
35 silly install loadAllDepsIntoIdealTree
36 silly resolveWithNewModule chai@3.5.0 checking installable status
37 silly cache add args [ 'chai', null ]
38 verbose cache add spec chai
39 silly cache add parsed spec Result {
39 silly cache add   raw: 'chai',
39 silly cache add   scope: null,
39 silly cache add   escapedName: 'chai',
39 silly cache add   name: 'chai',
39 silly cache add   rawSpec: '',
39 silly cache add   spec: 'latest',
39 silly cache add   type: 'tag' }
40 silly addNamed chai@latest
41 verbose addNamed "latest" is being treated as a dist-tag for chai
42 info addNameTag [ 'chai', 'latest' ]
43 silly mapToRegistry name chai
44 silly mapToRegistry using default registry
45 silly mapToRegistry registry https://registry.npmjs.org/
46 silly mapToRegistry data Result {
46 silly mapToRegistry   raw: 'chai',
46 silly mapToRegistry   scope: null,
46 silly mapToRegistry   escapedName: 'chai',
46 silly mapToRegistry   name: 'chai',
46 silly mapToRegistry   rawSpec: '',
46 silly mapToRegistry   spec: 'latest',
46 silly mapToRegistry   type: 'tag' }
47 silly mapToRegistry uri https://registry.npmjs.org/chai
48 verbose addNameTag registry:https://registry.npmjs.org/chai not in flight; fetching
49 verbose get https://registry.npmjs.org/chai not expired, no request
50 silly addNameTag next cb for chai with tag latest
51 silly addNamed chai@3.5.0
52 verbose addNamed "3.5.0" is a plain semver version for chai
53 silly mapToRegistry name chai
54 silly mapToRegistry using default registry
55 silly mapToRegistry registry https://registry.npmjs.org/
56 silly mapToRegistry data Result {
56 silly mapToRegistry   raw: 'chai',
56 silly mapToRegistry   scope: null,
56 silly mapToRegistry   escapedName: 'chai',
56 silly mapToRegistry   name: 'chai',
56 silly mapToRegistry   rawSpec: '',
56 silly mapToRegistry   spec: 'latest',
56 silly mapToRegistry   type: 'tag' }
57 silly mapToRegistry uri https://registry.npmjs.org/chai
58 verbose addRemoteTarball https://registry.npmjs.org/chai/-/chai-3.5.0.tgz not in flight; adding
59 verbose addRemoteTarball [ 'https://registry.npmjs.org/chai/-/chai-3.5.0.tgz',
59 verbose addRemoteTarball   '4d02637b067fe958bdbfdd3a40ec56fef7373247' ]
60 info retry fetch attempt 1 at 6:15:05 AM
61 info attempt registry request try #1 at 6:15:05 AM
62 http fetch GET https://registry.npmjs.org/chai/-/chai-3.5.0.tgz
63 http fetch 200 https://registry.npmjs.org/chai/-/chai-3.5.0.tgz
64 info retry will retry, error on last attempt: Error: read ECONNRESET
65 silly fetchAndShaCheck shasum 4d02637b067fe958bdbfdd3a40ec56fef7373247
66 silly rollbackFailedOptional Starting
67 silly rollbackFailedOptional Finishing
68 silly runTopLevelLifecycles Finishing
69 silly install printInstalled
70 verbose stack Error: shasum check failed for C:\Users\crook\AppData\Local\Temp\npm-6976-148f3c71\registry.npmjs.org\chai\-\chai-3.5.0.tgz
70 verbose stack Expected: 4d02637b067fe958bdbfdd3a40ec56fef7373247
70 verbose stack Actual:   27c427c0b4ab5b04927dc5010150c269407dd00b
70 verbose stack From:     https://registry.npmjs.org/chai/-/chai-3.5.0.tgz
70 verbose stack     at C:\Program Files\nodejs\node_modules\npm\node_modules\sha\index.js:25:8
70 verbose stack     at ReadStream.<anonymous> (C:\Program Files\nodejs\node_modules\npm\node_modules\sha\index.js:72:7)
70 verbose stack     at emitNone (events.js:91:20)
70 verbose stack     at ReadStream.emit (events.js:185:7)
70 verbose stack     at endReadableNT (_stream_readable.js:974:12)
70 verbose stack     at _combinedTickCallback (internal/process/next_tick.js:74:11)
70 verbose stack     at process._tickCallback (internal/process/next_tick.js:98:9)
71 verbose cwd D:\Projects\cgpg
72 error Windows_NT 10.0.14393
73 error argv "C:\\Program Files\\nodejs\\node.exe" "C:\\Program Files\\nodejs\\node_modules\\npm\\bin\\npm-cli.js" "install" "--save-dev" "chai"
74 error node v7.3.0
75 error npm  v3.10.10
76 error shasum check failed for C:\Users\crook\AppData\Local\Temp\npm-6976-148f3c71\registry.npmjs.org\chai\-\chai-3.5.0.tgz
76 error Expected: 4d02637b067fe958bdbfdd3a40ec56fef7373247
76 error Actual:   27c427c0b4ab5b04927dc5010150c269407dd00b
76 error From:     https://registry.npmjs.org/chai/-/chai-3.5.0.tgz
77 error If you need help, you may report this error at:
77 error     <https://github.com/npm/npm/issues>
78 verbose exit [ 1, true ]
